[36mINFO[0m[20250901] [32mInfo level log with brief information[0m  [36m[31m
status[0m[0m=200 [36m[111m
duration[0m[0m=53.004µs [36m[34m
method[0m[0m=GET [36m[32m
url[0m[0m=/ping [36m[32m
query[0m[0m= [36m[32m
client_ip:[0m[0m=192.0.2.1 [36m[35m
user_agent[0m[0m=
[36mINFO[0m[20250901] [32mInfo level log with brief information[0m  [36m[34m
method[0m[0m=GET [36m[32m
url[0m[0m=/ping [36m[32m
query[0m[0m= [36m[32m
client_ip:[0m[0m=192.0.2.1 [36m[35m
user_agent[0m[0m= [36m[31m
status[0m[0m=200 [36m[111m
duration[0m[0m=143.23µs
[36mINFO[0m[20250901] [32mInfo level log with brief information[0m  [36m[31m
status[0m[0m=200 [36m[111m
duration[0m[0m=197.921µs [36m[34m
method[0m[0m=GET [36m[32m
url[0m[0m=/ping [36m[32m
query[0m[0m= [36m[32m
client_ip:[0m[0m=192.0.2.1 [36m[35m
user_agent[0m[0m=
[36mINFO[0m[20250901] [32mInfo level log with brief information[0m  [36m[35m
user_agent[0m[0m= [36m[31m
status[0m[0m=200 [36m[111m
duration[0m[0m=185.098µs [36m[34m
method[0m[0m=GET [36m[32m
url[0m[0m=/ping [36m[32m
query[0m[0m= [36m[32m
client_ip:[0m[0m=192.0.2.1
[36mINFO[0m[20250901] [32mInfo level log with brief information[0m  [36m[32m
client_ip:[0m[0m=192.0.2.1 [36m[35m
user_agent[0m[0m= [36m[31m
status[0m[0m=200 [36m[111m
duration[0m[0m=55.289µs [36m[34m
method[0m[0m=POST [36m[32m
url[0m[0m=/echo [36m[32m
query[0m[0m=
[36mINFO[0m[20250901] [32mInfo level log with brief information[0m  [36m[32m
url[0m[0m=/echo [36m[32m
query[0m[0m= [36m[32m
client_ip:[0m[0m=192.0.2.1 [36m[35m
user_agent[0m[0m= [36m[31m
status[0m[0m=200 [36m[111m
duration[0m[0m=51.611µs [36m[34m
method[0m[0m=POST
[36mINFO[0m[20250901] [32mInfo level log with brief information[0m  [36m[31m
status[0m[0m=200 [36m[111m
duration[0m[0m=24.538µs [36m[34m
method[0m[0m=POST [36m[32m
url[0m[0m=/echo [36m[32m
query[0m[0m= [36m[32m
client_ip:[0m[0m=192.0.2.1 [36m[35m
user_agent[0m[0m=
[36mINFO[0m[20250901] [32mInfo level log with brief information[0m  [36m[35m
user_agent[0m[0m= [36m[31m
status[0m[0m=200 [36m[111m
duration[0m[0m=25.67µs [36m[34m
method[0m[0m=POST [36m[32m
url[0m[0m=/echo [36m[32m
query[0m[0m= [36m[32m
client_ip:[0m[0m=192.0.2.1
[36mINFO[0m[20250901] [32mInfo level log with brief information[0m  [36m[111m
duration[0m[0m=22.346µs [36m[34m
method[0m[0m=POST [36m[32m
url[0m[0m=/echo [36m[32m
query[0m[0m= [36m[32m
client_ip:[0m[0m=192.0.2.1 [36m[35m
user_agent[0m[0m= [36m[31m
status[0m[0m=200
[36mINFO[0m[20250901] [32mInfo level log with brief information[0m  [36m[32m
client_ip:[0m[0m=192.0.2.1 [36m[35m
user_agent[0m[0m= [36m[31m
status[0m[0m=200 [36m[111m
duration[0m[0m=40.658µs [36m[34m
method[0m[0m=POST [36m[32m
url[0m[0m=/echo [36m[32m
query[0m[0m=
[36mINFO[0m[20250901] [32mInfo level log with brief information[0m  [36m[111m
duration[0m[0m=22.08µs [36m[34m
method[0m[0m=POST [36m[32m
url[0m[0m=/echo [36m[32m
query[0m[0m= [36m[32m
client_ip:[0m[0m=192.0.2.1 [36m[35m
user_agent[0m[0m= [36m[31m
status[0m[0m=200
[36mINFO[0m[20250901] [32mInfo level log with brief information[0m  [36m[32m
url[0m[0m=/ping [36m[32m
query[0m[0m= [36m[32m
client_ip:[0m[0m=192.0.2.1 [36m[35m
user_agent[0m[0m= [36m[31m
status[0m[0m=200 [36m[111m
duration[0m[0m=220.946µs [36m[34m
method[0m[0m=GET
[36mINFO[0m[20250901] [32mInfo level log with brief information[0m  [36m[34m
method[0m[0m=POST [36m[32m
url[0m[0m=/echo [36m[32m
query[0m[0m= [36m[32m
client_ip:[0m[0m=192.0.2.1 [36m[35m
user_agent[0m[0m= [36m[31m
status[0m[0m=200 [36m[111m
duration[0m[0m=17.617µs
[36mINFO[0m[20250901] [32mInfo level log with brief information[0m  [36m[32m
url[0m[0m=/echo [36m[32m
query[0m[0m= [36m[32m
client_ip:[0m[0m=192.0.2.1 [36m[35m
user_agent[0m[0m= [36m[31m
status[0m[0m=200 [36m[111m
duration[0m[0m=17.047µs [36m[34m
method[0m[0m=POST
[36mINFO[0m[20250901] [32mInfo level log with brief information[0m  [36m[32m
client_ip:[0m[0m=192.0.2.1 [36m[35m
user_agent[0m[0m= [36m[31m
status[0m[0m=200 [36m[111m
duration[0m[0m=19.918µs [36m[34m
method[0m[0m=POST [36m[32m
url[0m[0m=/echo [36m[32m
query[0m[0m=
[36mINFO[0m[20250901] [32mInfo level log with brief information[0m  [36m[31m
status[0m[0m=200 [36m[111m
duration[0m[0m=17.054µs [36m[34m
method[0m[0m=POST [36m[32m
url[0m[0m=/echo [36m[32m
query[0m[0m= [36m[32m
client_ip:[0m[0m=192.0.2.1 [36m[35m
user_agent[0m[0m=
[36mINFO[0m[20250901] [32mInfo level log with brief information[0m  [36m[31m
status[0m[0m=200 [36m[111m
duration[0m[0m=41.386µs [36m[34m
method[0m[0m=GET [36m[32m
url[0m[0m=/ping [36m[32m
query[0m[0m= [36m[32m
client_ip:[0m[0m=192.0.2.1 [36m[35m
user_agent[0m[0m=
[36mINFO[0m[20250901] [32mInfo level log with brief information[0m  [36m[31m
status[0m[0m=200 [36m[111m
duration[0m[0m=119.565µs [36m[34m
method[0m[0m=GET [36m[32m
url[0m[0m=/ping [36m[32m
query[0m[0m= [36m[32m
client_ip:[0m[0m=192.0.2.1 [36m[35m
user_agent[0m[0m=
[36mINFO[0m[20250901] [32mInfo level log with brief information[0m  [36m[32m
client_ip:[0m[0m=192.0.2.1 [36m[35m
user_agent[0m[0m= [36m[31m
status[0m[0m=200 [36m[111m
duration[0m[0m=189.643µs [36m[34m
method[0m[0m=GET [36m[32m
url[0m[0m=/ping [36m[32m
query[0m[0m=
[36mINFO[0m[20250901] [32mInfo level log with brief information[0m  [36m[32m
client_ip:[0m[0m=192.0.2.1 [36m[35m
user_agent[0m[0m= [36m[31m
status[0m[0m=200 [36m[111m
duration[0m[0m=425.851µs [36m[34m
method[0m[0m=POST [36m[32m
url[0m[0m=/echo [36m[32m
query[0m[0m=
[36mINFO[0m[20250901] [32mInfo level log with brief information[0m  [36m[35m
user_agent[0m[0m= [36m[31m
status[0m[0m=200 [36m[111m
duration[0m[0m=209.976µs [36m[34m
method[0m[0m=GET [36m[32m
url[0m[0m=/ping [36m[32m
query[0m[0m= [36m[32m
client_ip:[0m[0m=192.0.2.1
[36mINFO[0m[20250901] [32mInfo level log with brief information[0m  [36m[31m
status[0m[0m=200 [36m[111m
duration[0m[0m=250.928µs [36m[34m
method[0m[0m=GET [36m[32m
url[0m[0m=/ping [36m[32m
query[0m[0m= [36m[32m
client_ip:[0m[0m=192.0.2.1 [36m[35m
user_agent[0m[0m=
[36mINFO[0m[20250901] [32mInfo level log with brief information[0m  [36m[32m
client_ip:[0m[0m=192.0.2.1 [36m[35m
user_agent[0m[0m= [36m[31m
status[0m[0m=200 [36m[111m
duration[0m[0m=186.086µs [36m[34m
method[0m[0m=POST [36m[32m
url[0m[0m=/echo [36m[32m
query[0m[0m=
[36mINFO[0m[20250901] [32mInfo level log with brief information[0m  [36m[32m
url[0m[0m=/echo [36m[32m
query[0m[0m= [36m[32m
client_ip:[0m[0m=192.0.2.1 [36m[35m
user_agent[0m[0m= [36m[31m
status[0m[0m=200 [36m[111m
duration[0m[0m=72.495µs [36m[34m
method[0m[0m=POST
[36mINFO[0m[20250901] [32mInfo level log with brief information[0m  [36m[32m
url[0m[0m=/echo [36m[32m
query[0m[0m= [36m[32m
client_ip:[0m[0m=192.0.2.1 [36m[35m
user_agent[0m[0m= [36m[31m
status[0m[0m=200 [36m[111m
duration[0m[0m=44.77µs [36m[34m
method[0m[0m=POST
[36mINFO[0m[20250901] [32mInfo level log with brief information[0m  [36m[111m
duration[0m[0m=249.428µs [36m[34m
method[0m[0m=GET [36m[32m
url[0m[0m=/ping [36m[32m
query[0m[0m= [36m[32m
client_ip:[0m[0m=192.0.2.1 [36m[35m
user_agent[0m[0m= [36m[31m
status[0m[0m=200
[36mINFO[0m[20250901] [32mInfo level log with brief information[0m  [36m[31m
status[0m[0m=200 [36m[111m
duration[0m[0m=185.014µs [36m[34m
method[0m[0m=GET [36m[32m
url[0m[0m=/ping [36m[32m
query[0m[0m= [36m[32m
client_ip:[0m[0m=192.0.2.1 [36m[35m
user_agent[0m[0m=
[36mINFO[0m[20250901] [32mInfo level log with brief information[0m  [36m[31m
status[0m[0m=200 [36m[111m
duration[0m[0m=182.815µs [36m[34m
method[0m[0m=GET [36m[32m
url[0m[0m=/ping [36m[32m
query[0m[0m= [36m[32m
client_ip:[0m[0m=192.0.2.1 [36m[35m
user_agent[0m[0m=
[36mINFO[0m[20250901] [32mInfo level log with brief information[0m  [36m[32m
url[0m[0m=/echo [36m[32m
query[0m[0m= [36m[32m
client_ip:[0m[0m=192.0.2.1 [36m[35m
user_agent[0m[0m= [36m[31m
status[0m[0m=200 [36m[111m
duration[0m[0m=101.782µs [36m[34m
method[0m[0m=POST
[36mINFO[0m[20250901] [32mInfo level log with brief information[0m  [36m[32m
url[0m[0m=/ping [36m[32m
query[0m[0m= [36m[32m
client_ip:[0m[0m=192.0.2.1 [36m[35m
user_agent[0m[0m= [36m[31m
status[0m[0m=200 [36m[111m
duration[0m[0m=182.117µs [36m[34m
method[0m[0m=GET
[36mINFO[0m[20250901] [32mInfo level log with brief information[0m  [36m[111m
duration[0m[0m=182.106µs [36m[34m
method[0m[0m=GET [36m[32m
url[0m[0m=/ping [36m[32m
query[0m[0m= [36m[32m
client_ip:[0m[0m=192.0.2.1 [36m[35m
user_agent[0m[0m= [36m[31m
status[0m[0m=200
[36mINFO[0m[20250901] [32mInfo level log with brief information[0m  [36m[35m
user_agent[0m[0m= [36m[31m
status[0m[0m=200 [36m[111m
duration[0m[0m=178.359µs [36m[34m
method[0m[0m=GET [36m[32m
url[0m[0m=/ping [36m[32m
query[0m[0m= [36m[32m
client_ip:[0m[0m=192.0.2.1
[36mINFO[0m[20250901] [32mInfo level log with brief information[0m  [36m[32m
url[0m[0m=/ping [36m[32m
query[0m[0m= [36m[32m
client_ip:[0m[0m=192.0.2.1 [36m[35m
user_agent[0m[0m= [36m[31m
status[0m[0m=200 [36m[111m
duration[0m[0m=182.464µs [36m[34m
method[0m[0m=GET
[36mINFO[0m[20250901] [32mInfo level log with brief information[0m  [36m[31m
status[0m[0m=200 [36m[111m
duration[0m[0m=185.959µs [36m[34m
method[0m[0m=GET [36m[32m
url[0m[0m=/ping [36m[32m
query[0m[0m= [36m[32m
client_ip:[0m[0m=192.0.2.1 [36m[35m
user_agent[0m[0m=
[36mINFO[0m[20250901] [32mInfo level log with brief information[0m  [36m[32m
client_ip:[0m[0m=192.0.2.1 [36m[35m
user_agent[0m[0m= [36m[31m
status[0m[0m=200 [36m[111m
duration[0m[0m=185.966µs [36m[34m
method[0m[0m=GET [36m[32m
url[0m[0m=/ping [36m[32m
query[0m[0m=
[36mINFO[0m[20250901] [32mInfo level log with brief information[0m  [36m[32m
url[0m[0m=/ping [36m[32m
query[0m[0m= [36m[32m
client_ip:[0m[0m=192.0.2.1 [36m[35m
user_agent[0m[0m= [36m[31m
status[0m[0m=200 [36m[111m
duration[0m[0m=193.868µs [36m[34m
method[0m[0m=GET
[36mINFO[0m[20250901] [32mInfo level log with brief information[0m  [36m[31m
status[0m[0m=200 [36m[111m
duration[0m[0m=194.405µs [36m[34m
method[0m[0m=GET [36m[32m
url[0m[0m=/ping [36m[32m
query[0m[0m= [36m[32m
client_ip:[0m[0m=192.0.2.1 [36m[35m
user_agent[0m[0m=
[36mINFO[0m[20250901] [32mInfo level log with brief information[0m  [36m[32m
url[0m[0m=/ping [36m[32m
query[0m[0m= [36m[32m
client_ip:[0m[0m=192.0.2.1 [36m[35m
user_agent[0m[0m= [36m[31m
status[0m[0m=200 [36m[111m
duration[0m[0m=191.149µs [36m[34m
method[0m[0m=GET
[36mINFO[0m[20250901] [32mInfo level log with brief information[0m  [36m[32m
url[0m[0m=/echo [36m[32m
query[0m[0m= [36m[32m
client_ip:[0m[0m=192.0.2.1 [36m[35m
user_agent[0m[0m= [36m[31m
status[0m[0m=200 [36m[111m
duration[0m[0m=42.044µs [36m[34m
method[0m[0m=POST
[36mINFO[0m[20250901] [32mInfo level log with brief information[0m  [36m[35m
user_agent[0m[0m= [36m[31m
status[0m[0m=200 [36m[111m
duration[0m[0m=34.609µs [36m[34m
method[0m[0m=POST [36m[32m
url[0m[0m=/echo [36m[32m
query[0m[0m= [36m[32m
client_ip:[0m[0m=192.0.2.1
[36mINFO[0m[20250901] [32mInfo level log with brief information[0m  [36m[35m
user_agent[0m[0m= [36m[31m
status[0m[0m=200 [36m[111m
duration[0m[0m=14.203µs [36m[34m
method[0m[0m=POST [36m[32m
url[0m[0m=/echo [36m[32m
query[0m[0m= [36m[32m
client_ip:[0m[0m=192.0.2.1
[36mINFO[0m[20250901] [32mInfo level log with brief information[0m  [36m[32m
query[0m[0m= [36m[32m
client_ip:[0m[0m=192.0.2.1 [36m[35m
user_agent[0m[0m= [36m[31m
status[0m[0m=200 [36m[111m
duration[0m[0m=51.678µs [36m[34m
method[0m[0m=GET [36m[32m
url[0m[0m=/ping
[36mINFO[0m[20250901] [32mInfo level log with brief information[0m  [36m[32m
client_ip:[0m[0m=192.0.2.1 [36m[35m
user_agent[0m[0m= [36m[31m
status[0m[0m=200 [36m[111m
duration[0m[0m=135.794µs [36m[34m
method[0m[0m=GET [36m[32m
url[0m[0m=/ping [36m[32m
query[0m[0m=
[36mINFO[0m[20250901] [32mInfo level log with brief information[0m  [36m[34m
method[0m[0m=GET [36m[32m
url[0m[0m=/ping [36m[32m
query[0m[0m= [36m[32m
client_ip:[0m[0m=192.0.2.1 [36m[35m
user_agent[0m[0m= [36m[31m
status[0m[0m=200 [36m[111m
duration[0m[0m=280.45µs
[36mINFO[0m[20250901] [32mInfo level log with brief information[0m  [36m[32m
url[0m[0m=/ping [36m[32m
query[0m[0m= [36m[32m
client_ip:[0m[0m=192.0.2.1 [36m[35m
user_agent[0m[0m= [36m[31m
status[0m[0m=200 [36m[111m
duration[0m[0m=215.296µs [36m[34m
method[0m[0m=GET
[36mINFO[0m[20250901] [32mInfo level log with brief information[0m  [36m[34m
method[0m[0m=GET [36m[32m
url[0m[0m=/ping [36m[32m
query[0m[0m= [36m[32m
client_ip:[0m[0m=192.0.2.1 [36m[35m
user_agent[0m[0m= [36m[31m
status[0m[0m=200 [36m[111m
duration[0m[0m=352.718µs
[36mINFO[0m[20250901] [32mInfo level log with brief information[0m  [36m[34m
method[0m[0m=POST [36m[32m
url[0m[0m=/echo [36m[32m
query[0m[0m= [36m[32m
client_ip:[0m[0m=192.0.2.1 [36m[35m
user_agent[0m[0m= [36m[31m
status[0m[0m=200 [36m[111m
duration[0m[0m=66.475µs
[36mINFO[0m[20250901] [32mInfo level log with brief information[0m  [36m[32m
query[0m[0m= [36m[32m
client_ip:[0m[0m=192.0.2.1 [36m[35m
user_agent[0m[0m= [36m[31m
status[0m[0m=200 [36m[111m
duration[0m[0m=54.435µs [36m[34m
method[0m[0m=POST [36m[32m
url[0m[0m=/echo
[36mINFO[0m[20250901] [32mInfo level log with brief information[0m  [36m[32m
query[0m[0m= [36m[32m
client_ip:[0m[0m=192.0.2.1 [36m[35m
user_agent[0m[0m= [36m[31m
status[0m[0m=200 [36m[111m
duration[0m[0m=48.081µs [36m[34m
method[0m[0m=POST [36m[32m
url[0m[0m=/echo
[36mINFO[0m[20250901] [32mInfo level log with brief information[0m  [36m[32m
query[0m[0m= [36m[32m
client_ip:[0m[0m=192.0.2.1 [36m[35m
user_agent[0m[0m= [36m[31m
status[0m[0m=200 [36m[111m
duration[0m[0m=39.16µs [36m[34m
method[0m[0m=POST [36m[32m
url[0m[0m=/echo
[36mINFO[0m[20250901] [32mInfo level log with brief information[0m  [36m[32m
client_ip:[0m[0m=192.0.2.1 [36m[35m
user_agent[0m[0m= [36m[31m
status[0m[0m=200 [36m[111m
duration[0m[0m=18.749µs [36m[34m
method[0m[0m=POST [36m[32m
url[0m[0m=/echo [36m[32m
query[0m[0m=
[36mINFO[0m[20250901] [32mInfo level log with brief information[0m  [36m[34m
method[0m[0m=GET [36m[32m
url[0m[0m=/ping [36m[32m
query[0m[0m= [36m[32m
client_ip:[0m[0m=192.0.2.1 [36m[35m
user_agent[0m[0m= [36m[31m
status[0m[0m=200 [36m[111m
duration[0m[0m=251.313µs
[36mINFO[0m[20250901] [32mInfo level log with brief information[0m  [36m[32m
query[0m[0m= [36m[32m
client_ip:[0m[0m=192.0.2.1 [36m[35m
user_agent[0m[0m= [36m[31m
status[0m[0m=200 [36m[111m
duration[0m[0m=24.561µs [36m[34m
method[0m[0m=POST [36m[32m
url[0m[0m=/echo
[36mINFO[0m[20250901] [32mInfo level log with brief information[0m  [36m[32m
query[0m[0m= [36m[32m
client_ip:[0m[0m=192.0.2.1 [36m[35m
user_agent[0m[0m= [36m[31m
status[0m[0m=200 [36m[111m
duration[0m[0m=172.732µs [36m[34m
method[0m[0m=POST [36m[32m
url[0m[0m=/echo
[36mINFO[0m[20250901] [32mInfo level log with brief information[0m  [36m[31m
status[0m[0m=200 [36m[111m
duration[0m[0m=233.627µs [36m[34m
method[0m[0m=GET [36m[32m
url[0m[0m=/ping [36m[32m
query[0m[0m= [36m[32m
client_ip:[0m[0m=192.0.2.1 [36m[35m
user_agent[0m[0m=
[36mINFO[0m[20250901] [32mInfo level log with brief information[0m  [36m[32m
url[0m[0m=/ping [36m[32m
query[0m[0m= [36m[32m
client_ip:[0m[0m=192.0.2.1 [36m[35m
user_agent[0m[0m= [36m[31m
status[0m[0m=200 [36m[111m
duration[0m[0m=228.672µs [36m[34m
method[0m[0m=GET
[36mINFO[0m[20250901] [32mInfo level log with brief information[0m  [36m[111m
duration[0m[0m=83.62µs [36m[34m
method[0m[0m=POST [36m[32m
url[0m[0m=/echo [36m[32m
query[0m[0m= [36m[32m
client_ip:[0m[0m=192.0.2.1 [36m[35m
user_agent[0m[0m= [36m[31m
status[0m[0m=200
[36mINFO[0m[20250901] [32mInfo level log with brief information[0m  [36m[32m
query[0m[0m= [36m[32m
client_ip:[0m[0m=192.0.2.1 [36m[35m
user_agent[0m[0m= [36m[31m
status[0m[0m=200 [36m[111m
duration[0m[0m=195.718µs [36m[34m
method[0m[0m=GET [36m[32m
url[0m[0m=/ping
[36mINFO[0m[20250901] [32mInfo level log with brief information[0m  [36m[32m
url[0m[0m=/ping [36m[32m
query[0m[0m= [36m[32m
client_ip:[0m[0m=192.0.2.1 [36m[35m
user_agent[0m[0m= [36m[31m
status[0m[0m=200 [36m[111m
duration[0m[0m=174.763µs [36m[34m
method[0m[0m=GET
[36mINFO[0m[20250901] [32mInfo level log with brief information[0m  [36m[34m
method[0m[0m=GET [36m[32m
url[0m[0m=/ping [36m[32m
query[0m[0m= [36m[32m
client_ip:[0m[0m=192.0.2.1 [36m[35m
user_agent[0m[0m= [36m[31m
status[0m[0m=200 [36m[111m
duration[0m[0m=165.246µs
[36mINFO[0m[20250901] [32mInfo level log with brief information[0m  [36m[111m
duration[0m[0m=92.819µs [36m[34m
method[0m[0m=GET [36m[32m
url[0m[0m=/ping [36m[32m
query[0m[0m= [36m[32m
client_ip:[0m[0m=192.0.2.1 [36m[35m
user_agent[0m[0m= [36m[31m
status[0m[0m=200
[36mINFO[0m[20250901] [32mInfo level log with brief information[0m  [36m[34m
method[0m[0m=GET [36m[32m
url[0m[0m=/ping [36m[32m
query[0m[0m= [36m[32m
client_ip:[0m[0m=192.0.2.1 [36m[35m
user_agent[0m[0m= [36m[31m
status[0m[0m=200 [36m[111m
duration[0m[0m=673.107µs
[36mINFO[0m[20250901] [32mInfo level log with brief information[0m  [36m[35m
user_agent[0m[0m= [36m[31m
status[0m[0m=200 [36m[111m
duration[0m[0m=134.674µs [36m[34m
method[0m[0m=GET [36m[32m
url[0m[0m=/ping [36m[32m
query[0m[0m= [36m[32m
client_ip:[0m[0m=192.0.2.1
[36mINFO[0m[20250901] [32mInfo level log with brief information[0m  [36m[32m
url[0m[0m=/ping [36m[32m
query[0m[0m= [36m[32m
client_ip:[0m[0m=192.0.2.1 [36m[35m
user_agent[0m[0m= [36m[31m
status[0m[0m=200 [36m[111m
duration[0m[0m=134.649µs [36m[34m
method[0m[0m=GET
[36mINFO[0m[20250901] [32mInfo level log with brief information[0m  [36m[34m
method[0m[0m=GET [36m[32m
url[0m[0m=/ping [36m[32m
query[0m[0m= [36m[32m
client_ip:[0m[0m=192.0.2.1 [36m[35m
user_agent[0m[0m= [36m[31m
status[0m[0m=200 [36m[111m
duration[0m[0m=135.148µs
[36mINFO[0m[20250901] [32mInfo level log with brief information[0m  [36m[31m
status[0m[0m=200 [36m[111m
duration[0m[0m=137.243µs [36m[34m
method[0m[0m=GET [36m[32m
url[0m[0m=/ping [36m[32m
query[0m[0m= [36m[32m
client_ip:[0m[0m=192.0.2.1 [36m[35m
user_agent[0m[0m=
[36mINFO[0m[20250901] [32mInfo level log with brief information[0m  [36m[32m
query[0m[0m= [36m[32m
client_ip:[0m[0m=192.0.2.1 [36m[35m
user_agent[0m[0m= [36m[31m
status[0m[0m=200 [36m[111m
duration[0m[0m=135.625µs [36m[34m
method[0m[0m=GET [36m[32m
url[0m[0m=/ping
[36mINFO[0m[20250901] [32mInfo level log with brief information[0m  [36m[31m
status[0m[0m=200 [36m[111m
duration[0m[0m=137.339µs [36m[34m
method[0m[0m=GET [36m[32m
url[0m[0m=/ping [36m[32m
query[0m[0m= [36m[32m
client_ip:[0m[0m=192.0.2.1 [36m[35m
user_agent[0m[0m=
[36mINFO[0m[20250901] [32mInfo level log with brief information[0m  [36m[32m
query[0m[0m= [36m[32m
client_ip:[0m[0m=192.0.2.1 [36m[35m
user_agent[0m[0m= [36m[31m
status[0m[0m=200 [36m[111m
duration[0m[0m=136.274µs [36m[34m
method[0m[0m=GET [36m[32m
url[0m[0m=/ping
[36mINFO[0m[20250901] [32mInfo level log with brief information[0m  [36m[31m
status[0m[0m=200 [36m[111m
duration[0m[0m=137.311µs [36m[34m
method[0m[0m=GET [36m[32m
url[0m[0m=/ping [36m[32m
query[0m[0m= [36m[32m
client_ip:[0m[0m=192.0.2.1 [36m[35m
user_agent[0m[0m=
[36mINFO[0m[20250901] [32mInfo level log with brief information[0m  [36m[111m
duration[0m[0m=136.151µs [36m[34m
method[0m[0m=GET [36m[32m
url[0m[0m=/ping [36m[32m
query[0m[0m= [36m[32m
client_ip:[0m[0m=192.0.2.1 [36m[35m
user_agent[0m[0m= [36m[31m
status[0m[0m=200
[36mINFO[0m[20250901] [32mInfo level log with brief information[0m  [36m[34m
method[0m[0m=GET [36m[32m
url[0m[0m=/ping [36m[32m
query[0m[0m= [36m[32m
client_ip:[0m[0m=192.0.2.1 [36m[35m
user_agent[0m[0m= [36m[31m
status[0m[0m=200 [36m[111m
duration[0m[0m=148.7µs
[36mINFO[0m[20250901] [32mInfo level log with brief information[0m  [36m[34m
method[0m[0m=POST [36m[32m
url[0m[0m=/echo [36m[32m
query[0m[0m= [36m[32m
client_ip:[0m[0m=192.0.2.1 [36m[35m
user_agent[0m[0m= [36m[31m
status[0m[0m=200 [36m[111m
duration[0m[0m=70.946µs
[36mINFO[0m[20250901] [32mInfo level log with brief information[0m  [36m[35m
user_agent[0m[0m= [36m[31m
status[0m[0m=200 [36m[111m
duration[0m[0m=133.805µs [36m[34m
method[0m[0m=POST [36m[32m
url[0m[0m=/echo [36m[32m
query[0m[0m= [36m[32m
client_ip:[0m[0m=192.0.2.1
[36mINFO[0m[20250901] [32mInfo level log with brief information[0m  [36m[35m
user_agent[0m[0m= [36m[31m
status[0m[0m=200 [36m[111m
duration[0m[0m=287.358µs [36m[34m
method[0m[0m=POST [36m[32m
url[0m[0m=/echo [36m[32m
query[0m[0m= [36m[32m
client_ip:[0m[0m=192.0.2.1
[36mINFO[0m[20250901] [32mInfo level log with brief information[0m  [36m[34m
method[0m[0m=POST [36m[32m
url[0m[0m=/echo [36m[32m
query[0m[0m= [36m[32m
client_ip:[0m[0m=192.0.2.1 [36m[35m
user_agent[0m[0m= [36m[31m
status[0m[0m=200 [36m[111m
duration[0m[0m=120.208µs
[36mINFO[0m[20250901] [32mInfo level log with brief information[0m  [36m[111m
duration[0m[0m=168.854µs [36m[34m
method[0m[0m=POST [36m[32m
url[0m[0m=/echo [36m[32m
query[0m[0m= [36m[32m
client_ip:[0m[0m=192.0.2.1 [36m[35m
user_agent[0m[0m= [36m[31m
status[0m[0m=200
[36mINFO[0m[20250901] [32mInfo level log with brief information[0m  [36m[35m
user_agent[0m[0m= [36m[31m
status[0m[0m=200 [36m[111m
duration[0m[0m=163.712µs [36m[34m
method[0m[0m=POST [36m[32m
url[0m[0m=/echo [36m[32m
query[0m[0m= [36m[32m
client_ip:[0m[0m=192.0.2.1
